starting softwar logs
init cycle
starting softwar logs
init cycle
set client name #0x30
set client name #0x38
set client name #0x17
set client name #0x18
set client name #0x62
player #0x62 has been added to queue
player #0x18 has been added to queue
player #0x17 has been added to queue
player #0x38 has been added to queue
found 4 player in lobby starting count down
lobby countdown ...
lobby countdown ...
Nano sleep system call failed 
lobby countdown ...
Nano sleep system call failed 
lobby countdown ...
Nano sleep system call failed 
lobby countdown ...
Nano sleep system call failed 
lobby countdown ...
Nano sleep system call failed 
lobby countdown ...
Nano sleep system call failed 
lobby countdown ...
Nano sleep system call failed 
lobby countdown ...
Nano sleep system call failed 
lobby countdown ...
game is started
Nano sleep system call failed 
starting softwar logs
init cycle
set client name #0x56
set client name #0x43
set client name #0x32
set client name #0x11
set client name #0x47
player #0x47 has been added to queue
player #0x11 has been added to queue
player #0x32 has been added to queue
player #0x43 has been added to queue
found 4 player in lobby starting count down
lobby countdown ...
lobby countdown ...
lobby countdown ...
lobby countdown ...
lobby countdown ...
lobby countdown ...
lobby countdown ...
lobby countdown ...
lobby countdown ...
lobby countdown ...
game is started
starting softwar logs
init cycle
starting softwar logs
init cycle
set client name #0x64
set client name #0x71
set client name #0x76
set client name #0x43
set client name #0x61
player #0x61 has been added to queue
player #0x43 has been added to queue
player #0x76 has been added to queue
player #0x71 has been added to queue
found 4 player in lobby starting count down
lobby countdown ...
lobby countdown ...
lobby countdown ...
lobby countdown ...
lobby countdown ...
lobby countdown ...
lobby countdown ...
lobby countdown ...
lobby countdown ...
lobby countdown ...
game is started
starting softwar logs
init cycle
starting softwar logs
init cycle
starting softwar logs
init cycle
starting softwar logs
init cycle
starting softwar logs
init cycle
starting softwar logs
init cycle
starting softwar logs
init cycle
starting softwar logs
init cycle
starting softwar logs
init cycle
starting softwar logs
init cycle
starting softwar logs
init cycle
starting softwar logs
init cycle
starting softwar logs
init cycle
starting softwar logs
init cycle
starting softwar logs
init cycle
starting softwar logs
init cycle
starting softwar logs
init cycle
starting softwar logs
init cycle
starting softwar logs
init cycle
set client name #0x51
player #0x51 has been added to queue
set client name #0x34
player #0x34 has been added to queue
set client name #0x26
player #0x26 has been added to queue
set client name #0x72
player #0x72 has been added to queue
found 4 player in lobby starting count down
lobby countdown ...
lobby countdown ...
lobby countdown ...
lobby countdown ...
set client name #0x61
lobby countdown ...
lobby countdown ...
lobby countdown ...
lobby countdown ...
lobby countdown ...
lobby countdown ...
game is started
#0x51
#0x51 has died put back into queue
#0x34
#0x34 has died put back into queue
#0x26
#0x26 has died put back into queue
#0x72
#0x72 has died put back into queue
starting softwar logs
init cycle
set client name #0x54
set client name #0x51
set client name #0x23
set client name #0x25
set client name #0x47
player #0x47 has been added to queue
player #0x25 has been added to queue
player #0x23 has been added to queue
player #0x51 has been added to queue
found 4 player in lobby starting count down
lobby countdown ...
lobby countdown ...
lobby countdown ...
lobby countdown ...
lobby countdown ...
lobby countdown ...
lobby countdown ...
lobby countdown ...
lobby countdown ...
lobby countdown ...
game is started
#0x47
#0x47 has died put back into queue
#0x25
#0x25 has died put back into queue
#0x23
#0x23 has died put back into queue
#0x51
#0x51 has died put back into queue
player #0x54 has been added to queue
player #0x47 has been added to queue
player #0x25 has been added to queue
player #0x23 has been added to queue
found 4 player in lobby starting count down
lobby countdown ...
lobby countdown ...
lobby countdown ...
lobby countdown ...
lobby countdown ...
lobby countdown ...
lobby countdown ...
lobby countdown ...
lobby countdown ...
lobby countdown ...
game is started
#0x54
#0x54 has died put back into queue
#0x47
#0x47 has died put back into queue
#0x25
#0x25 has died put back into queue
#0x23
#0x23 has died put back into queue
player #0x51 has been added to queue
player #0x54 has been added to queue
player #0x47 has been added to queue
player #0x25 has been added to queue
found 4 player in lobby starting count down
lobby countdown ...
lobby countdown ...
lobby countdown ...
lobby countdown ...
lobby countdown ...
lobby countdown ...
lobby countdown ...
lobby countdown ...
lobby countdown ...
lobby countdown ...
game is started
#0x51
#0x51 has died put back into queue
#0x54
#0x54 has died put back into queue
#0x47
#0x47 has died put back into queue
#0x25
#0x25 has died put back into queue
player #0x23 has been added to queue
player #0x51 has been added to queue
player #0x54 has been added to queue
player #0x47 has been added to queue
found 4 player in lobby starting count down
lobby countdown ...
lobby countdown ...
lobby countdown ...
lobby countdown ...
lobby countdown ...
lobby countdown ...
lobby countdown ...
lobby countdown ...
lobby countdown ...
lobby countdown ...
game is started
#0x23
#0x23 has died put back into queue
#0x51
#0x51 has died put back into queue
#0x54
#0x54 has died put back into queue
#0x47
#0x47 has died put back into queue
player #0x25 has been added to queue
player #0x23 has been added to queue
player #0x51 has been added to queue
player #0x54 has been added to queue
found 4 player in lobby starting count down
lobby countdown ...
lobby countdown ...
lobby countdown ...
lobby countdown ...
lobby countdown ...
lobby countdown ...
lobby countdown ...
lobby countdown ...
lobby countdown ...
lobby countdown ...
game is started
#0x25
#0x25 has died put back into queue
#0x23
#0x23 has died put back into queue
#0x51
#0x51 has died put back into queue
#0x54
#0x54 has died put back into queue
player #0x47 has been added to queue
player #0x25 has been added to queue
player #0x23 has been added to queue
player #0x51 has been added to queue
found 4 player in lobby starting count down
lobby countdown ...
lobby countdown ...
lobby countdown ...
lobby countdown ...
lobby countdown ...
lobby countdown ...
lobby countdown ...
lobby countdown ...
lobby countdown ...
lobby countdown ...
game is started
#0x47
#0x47 has died put back into queue
#0x25
#0x25 has died put back into queue
#0x23
#0x23 has died put back into queue
#0x51
#0x51 has died put back into queue
player #0x54 has been added to queue
player #0x47 has been added to queue
player #0x25 has been added to queue
player #0x23 has been added to queue
found 4 player in lobby starting count down
lobby countdown ...
lobby countdown ...
lobby countdown ...
lobby countdown ...
lobby countdown ...
lobby countdown ...
lobby countdown ...
lobby countdown ...
lobby countdown ...
lobby countdown ...
game is started
#0x54
#0x54 has died put back into queue
#0x47
#0x47 has died put back into queue
#0x25
#0x25 has died put back into queue
#0x23
#0x23 has died put back into queue
player #0x51 has been added to queue
player #0x54 has been added to queue
player #0x47 has been added to queue
player #0x25 has been added to queue
found 4 player in lobby starting count down
lobby countdown ...
lobby countdown ...
lobby countdown ...
lobby countdown ...
lobby countdown ...
lobby countdown ...
lobby countdown ...
lobby countdown ...
lobby countdown ...
lobby countdown ...
game is started
#0x51
#0x51 has died put back into queue
#0x54
#0x54 has died put back into queue
#0x47
#0x47 has died put back into queue
#0x25
#0x25 has died put back into queue
player #0x23 has been added to queue
player #0x51 has been added to queue
player #0x54 has been added to queue
player #0x47 has been added to queue
found 4 player in lobby starting count down
lobby countdown ...
lobby countdown ...
lobby countdown ...
lobby countdown ...
lobby countdown ...
lobby countdown ...
lobby countdown ...
lobby countdown ...
lobby countdown ...
lobby countdown ...
game is started
#0x23
#0x23 has died put back into queue
#0x51
#0x51 has died put back into queue
#0x54
#0x54 has died put back into queue
#0x47
#0x47 has died put back into queue
player #0x25 has been added to queue
player #0x23 has been added to queue
player #0x51 has been added to queue
player #0x54 has been added to queue
found 4 player in lobby starting count down
lobby countdown ...
lobby countdown ...
lobby countdown ...
lobby countdown ...
lobby countdown ...
lobby countdown ...
lobby countdown ...
lobby countdown ...
lobby countdown ...
lobby countdown ...
game is started
#0x25
#0x25 has died put back into queue
#0x23
#0x23 has died put back into queue
#0x51
#0x51 has died put back into queue
#0x54
#0x54 has died put back into queue
player #0x47 has been added to queue
player #0x25 has been added to queue
player #0x23 has been added to queue
player #0x51 has been added to queue
found 4 player in lobby starting count down
lobby countdown ...
lobby countdown ...
lobby countdown ...
lobby countdown ...
lobby countdown ...
lobby countdown ...
lobby countdown ...
lobby countdown ...
lobby countdown ...
lobby countdown ...
game is started
#0x47
#0x47 has died put back into queue
#0x25
#0x25 has died put back into queue
#0x23
#0x23 has died put back into queue
#0x51
#0x51 has died put back into queue
player #0x54 has been added to queue
player #0x47 has been added to queue
player #0x25 has been added to queue
player #0x23 has been added to queue
found 4 player in lobby starting count down
lobby countdown ...
lobby countdown ...
lobby countdown ...
lobby countdown ...
lobby countdown ...
lobby countdown ...
lobby countdown ...
lobby countdown ...
lobby countdown ...
lobby countdown ...
game is started
#0x54
#0x54 has died put back into queue
#0x47
#0x47 has died put back into queue
#0x25
#0x25 has died put back into queue
#0x23
#0x23 has died put back into queue
player #0x51 has been added to queue
player #0x54 has been added to queue
player #0x47 has been added to queue
player #0x25 has been added to queue
found 4 player in lobby starting count down
lobby countdown ...
lobby countdown ...
lobby countdown ...
lobby countdown ...
lobby countdown ...
lobby countdown ...
lobby countdown ...
lobby countdown ...
lobby countdown ...
lobby countdown ...
game is started
#0x51
#0x51 has died put back into queue
#0x54
#0x54 has died put back into queue
#0x47
#0x47 has died put back into queue
#0x25
#0x25 has died put back into queue
player #0x23 has been added to queue
player #0x51 has been added to queue
player #0x54 has been added to queue
player #0x47 has been added to queue
found 4 player in lobby starting count down
lobby countdown ...
lobby countdown ...
lobby countdown ...
lobby countdown ...
lobby countdown ...
lobby countdown ...
lobby countdown ...
lobby countdown ...
lobby countdown ...
starting softwar logs
init cycle
starting softwar logs
init cycle
set client name set client name #0x72
#0x27
set client name #0x36
set client name #0x16
set client name #0x02
player #0x02 has been added to queue
player #0x16 has been added to queue
player #0x36 has been added to queue
player #0x27 has been added to queue
found 4 player in lobby starting count down
lobby countdown ...
lobby countdown ...
lobby countdown ...
lobby countdown ...
lobby countdown ...
lobby countdown ...
lobby countdown ...
lobby countdown ...
lobby countdown ...
lobby countdown ...
game is started
#0x02
#0x02 has died put back into queue
#0x16
#0x16 has died put back into queue
#0x36
#0x36 has died put back into queue
#0x27
#0x27 has died put back into queue
player #0x72 has been added to queue
player #0x02 has been added to queue
player #0x16 has been added to queue
player #0x36 has been added to queue
found 4 player in lobby starting count down
lobby countdown ...
lobby countdown ...
lobby countdown ...
lobby countdown ...
lobby countdown ...
lobby countdown ...
lobby countdown ...
lobby countdown ...
lobby countdown ...
lobby countdown ...
game is started
#0x72
#0x72 has died put back into queue
#0x02
#0x02 has died put back into queue
#0x16
#0x16 has died put back into queue
#0x36
#0x36 has died put back into queue
player #0x27 has been added to queue
player #0x72 has been added to queue
player #0x02 has been added to queue
player #0x16 has been added to queue
found 4 player in lobby starting count down
lobby countdown ...
lobby countdown ...
lobby countdown ...
lobby countdown ...
lobby countdown ...
lobby countdown ...
lobby countdown ...
lobby countdown ...
lobby countdown ...
lobby countdown ...
game is started
#0x27
#0x27 has died put back into queue
#0x72
#0x72 has died put back into queue
#0x02
#0x02 has died put back into queue
#0x16
#0x16 has died put back into queue
player #0x36 has been added to queue
player #0x27 has been added to queue
player #0x72 has been added to queue
player #0x02 has been added to queue
found 4 player in lobby starting count down
lobby countdown ...
lobby countdown ...
lobby countdown ...
lobby countdown ...
lobby countdown ...
lobby countdown ...
starting softwar logs
init cycle
set client name #0x44
set client name #0x52
set client name #0x71
set client name #0x87
set client name #0x72
player #0x72 has been added to queue
player #0x87 has been added to queue
player #0x71 has been added to queue
player #0x52 has been added to queue
found 4 player in lobby starting count down
lobby countdown ...
lobby countdown ...
lobby countdown ...
lobby countdown ...
lobby countdown ...
lobby countdown ...
lobby countdown ...
lobby countdown ...
lobby countdown ...
lobby countdown ...
game is started
#0x72
#0x87
#0x71
#0x52
#0x72
#0x87
#0x71
#0x52
#0x72
#0x87
#0x71
#0x52
#0x72
#0x87
#0x71
#0x52
#0x72
#0x87
#0x71
#0x52
#0x72
#0x87
#0x71
#0x52
#0x72
#0x87
#0x71
#0x52
#0x72
#0x87
#0x71
#0x52
#0x72
#0x87
#0x71
#0x52
#0x72
#0x87
#0x71
#0x52
#0x72
#0x87
#0x71
#0x52
#0x72
#0x87
#0x71
#0x52
#0x72
#0x87
#0x71
#0x52
#0x72
#0x87
#0x71
#0x52
#0x72
#0x87
#0x71
#0x52
#0x72
#0x87
#0x71
#0x52
#0x72
#0x87
#0x71
#0x52
#0x72
#0x87
#0x71
#0x52
#0x72
#0x87
#0x71
#0x52
#0x72
#0x87
#0x71
#0x52
#0x72
#0x87
#0x71
#0x52
#0x72
#0x87
#0x71
#0x52
#0x72
#0x87
#0x71
#0x52
#0x72
#0x87
#0x71
#0x52
#0x72
#0x87
#0x71
#0x52
#0x72
#0x87
#0x71
#0x52
#0x72
#0x87
#0x71
#0x52
#0x72
#0x87
#0x71
#0x52
#0x72
#0x87
#0x71
#0x52
#0x72
#0x87
#0x71
#0x52
#0x72
#0x87
#0x71
#0x52
#0x72
#0x87
#0x71
#0x52
#0x72
#0x87
#0x71
#0x52
#0x72
#0x87
#0x71
#0x52
#0x72
#0x87
#0x71
#0x52
#0x72
#0x87
#0x71
#0x52
#0x72
#0x87
#0x71
#0x52
#0x72
#0x87
#0x71
#0x52
#0x72
#0x87
#0x71
#0x52
#0x72
#0x87
#0x71
#0x52
#0x72
#0x87
#0x71
#0x52
#0x72
#0x87
#0x71
#0x52
#0x72
#0x87
#0x71
#0x52
#0x72
#0x87
#0x71
#0x52
#0x72
#0x87
#0x71
#0x52
#0x72
#0x87
#0x71
#0x52
#0x72
#0x87
#0x71
#0x52
#0x72
#0x87
#0x71
#0x52
#0x72
#0x87
#0x71
#0x52
#0x72
#0x72 has died put back into queue
#0x87
#0x87 has died put back into queue
#0x71
#0x71 has died put back into queue
#0x52
#0x52 has died put back into queue
player #0x44 has been added to queue
player #0x72 has been added to queue
player #0x87 has been added to queue
player #0x71 has been added to queue
found 4 player in lobby starting count down
lobby countdown ...
lobby countdown ...
lobby countdown ...
lobby countdown ...
lobby countdown ...
lobby countdown ...
lobby countdown ...
lobby countdown ...
lobby countdown ...
lobby countdown ...
game is started
#0x44
#0x72
#0x87
#0x71
#0x44
#0x72
#0x87
#0x71
starting softwar logs
init cycle
set client name #0x02
set client name #0x02
set client name #0x36
set client name #0x53
set client name #0x62
player #0x62 has been added to queue
player #0x53 has been added to queue
player #0x36 has been added to queue
player #0x02 has been added to queue
found 4 player in lobby starting count down
lobby countdown ...
lobby countdown ...
lobby countdown ...
lobby countdown ...
lobby countdown ...
lobby countdown ...
lobby countdown ...
lobby countdown ...
lobby countdown ...
lobby countdown ...
game is started
#0x62 has died put back into queue
#0x53 has died put back into queue
#0x36 has died put back into queue
#0x02 is the winner.player starting softwar logs
init cycle
set client name #0x80
set client name #0x78
set client name #0x05
set client name #0x23
set client name #0x32
player #0x32 has been added to queue
player #0x23 has been added to queue
player #0x05 has been added to queue
player #0x78 has been added to queue
found 4 player in lobby starting count down
lobby countdown ...
lobby countdown ...
lobby countdown ...
lobby countdown ...
lobby countdown ...
lobby countdown ...
lobby countdown ...
lobby countdown ...
lobby countdown ...
lobby countdown ...
game is started
#0x32 has died put back into queue
#0x23 has died put back into queue
#0x05 has died put back into queue
#0x78 is the winner.
player #0x80 has been added to queue
player #0x32 has been added to queue
player #0x23 has been added to queue
found 4 player in lobby starting count down
lobby countdown ...
lobby countdown ...
lobby countdown ...
lobby countdown ...
lobby countdown ...
lobby countdown ...
lobby countdown ...
lobby countdown ...
lobby countdown ...
lobby countdown ...
game is started
#0x80 has died put back into queue
#0x32 has died put back into queue
#0x23 has died put back into queue
#0x78 is the winner.
player #0x05 has been added to queue
player #0x80 has been added to queue
player #0x32 has been added to queue
found 4 player in lobby starting count down
lobby countdown ...
lobby countdown ...
lobby countdown ...
lobby countdown ...
lobby countdown ...
lobby countdown ...
lobby countdown ...
lobby countdown ...
lobby countdown ...
lobby countdown ...
game is started
#0x05 has died put back into queue
#0x80 has died put back into queue
#0x32 has died put back into queue
#0x78 is the winner.
player #0x23 has been added to queue
player #0x05 has been added to queue
player #0x80 has been added to queue
found 4 player in lobby starting count down
lobby countdown ...
lobby countdown ...
lobby countdown ...
lobby countdown ...
lobby countdown ...
lobby countdown ...
lobby countdown ...
lobby countdown ...
lobby countdown ...
lobby countdown ...
game is started
#0x23 has died put back into queue
#0x05 has died put back into queue
#0x80 has died put back into queue
#0x78 is the winner.
player #0x32 has been added to queue
player #0x23 has been added to queue
player #0x05 has been added to queue
found 4 player in lobby starting count down
lobby countdown ...
lobby countdown ...
lobby countdown ...
lobby countdown ...
lobby countdown ...
lobby countdown ...
lobby countdown ...
lobby countdown ...
lobby countdown ...
lobby countdown ...
game is started
#0x32 has died put back into queue
#0x23 has died put back into queue
#0x05 has died put back into queue
#0x78 is the winner.
player #0x80 has been added to queue
player #0x32 has been added to queue
player #0x23 has been added to queue
found 4 player in lobby starting count down
lobby countdown ...
lobby countdown ...
lobby countdown ...
lobby countdown ...
lobby countdown ...
lobby countdown ...
lobby countdown ...
lobby countdown ...
lobby countdown ...
lobby countdown ...
game is started
#0x80 has died put back into queue
#0x32 has died put back into queue
#0x23 has died put back into queue
#0x78 is the winner.
player #0x05 has been added to queue
player #0x80 has been added to queue
player #0x32 has been added to queue
found 4 player in lobby starting count down
lobby countdown ...
lobby countdown ...
lobby countdown ...
lobby countdown ...
lobby countdown ...
lobby countdown ...
lobby countdown ...
lobby countdown ...
lobby countdown ...
lobby countdown ...
game is started
#0x05 has died put back into queue
#0x80 has died put back into queue
#0x32 has died put back into queue
#0x78 is the winner.
player #0x23 has been added to queue
player #0x05 has been added to queue
player #0x80 has been added to queue
found 4 player in lobby starting count down
lobby countdown ...
lobby countdown ...
lobby countdown ...
lobby countdown ...
lobby countdown ...
lobby countdown ...
lobby countdown ...
lobby countdown ...
lobby countdown ...
lobby countdown ...
game is started
#0x23 has died put back into queue
#0x05 has died put back into queue
#0x80 has died put back into queue
#0x78 is the winner.
player #0x32 has been added to queue
player #0x23 has been added to queue
player #0x05 has been added to queue
found 4 player in lobby starting count down
lobby countdown ...
lobby countdown ...
lobby countdown ...
lobby countdown ...
lobby countdown ...
lobby countdown ...
lobby countdown ...
lobby countdown ...
lobby countdown ...
lobby countdown ...
game is started
#0x32 has died put back into queue
#0x23 has died put back into queue
#0x05 has died put back into queue
#0x78 is the winner.
player #0x80 has been added to queue
player #0x32 has been added to queue
player #0x23 has been added to queue
found 4 player in lobby starting count down
lobby countdown ...
lobby countdown ...
lobby countdown ...
lobby countdown ...
lobby countdown ...
lobby countdown ...
lobby countdown ...
lobby countdown ...
lobby countdown ...
lobby countdown ...
game is started
#0x80 has died put back into queue
#0x32 has died put back into queue
#0x23 has died put back into queue
#0x78 is the winner.
player #0x05 has been added to queue
player #0x80 has been added to queue
player #0x32 has been added to queue
found 4 player in lobby starting count down
lobby countdown ...
lobby countdown ...
lobby countdown ...
lobby countdown ...
lobby countdown ...
lobby countdown ...
lobby countdown ...
lobby countdown ...
lobby countdown ...
lobby countdown ...
game is started
#0x05 has died put back into queue
#0x80 has died put back into queue
#0x32 has died put back into queue
#0x78 is the winner.
player #0x23 has been added to queue
player #0x05 has been added to queue
player #0x80 has been added to queue
found 4 player in lobby starting count down
lobby countdown ...
lobby countdown ...
lobby countdown ...
lobby countdown ...
lobby countdown ...
lobby countdown ...
lobby countdown ...
lobby countdown ...
lobby countdown ...
lobby countdown ...
game is started
#0x23 has died put back into queue
#0x05 has died put back into queue
#0x80 has died put back into queue
#0x78 is the winner.
player #0x32 has been added to queue
player #0x23 has been added to queue
player #0x05 has been added to queue
found 4 player in lobby starting count down
lobby countdown ...
lobby countdown ...
lobby countdown ...
lobby countdown ...
lobby countdown ...
lobby countdown ...
lobby countdown ...
lobby countdown ...
lobby countdown ...
lobby countdown ...
game is started
#0x32 has died put back into queue
#0x23 has died put back into queue
#0x05 has died put back into queue
#0x78 is the winner.
player #0x80 has been added to queue
player #0x32 has been added to queue
player #0x23 has been added to queue
found 4 player in lobby starting count down
lobby countdown ...
lobby countdown ...
lobby countdown ...
lobby countdown ...
lobby countdown ...
lobby countdown ...
lobby countdown ...
lobby countdown ...
lobby countdown ...
lobby countdown ...
game is started
#0x80 has died put back into queue
#0x32 has died put back into queue
#0x23 has died put back into queue
#0x78 is the winner.
player #0x05 has been added to queue
player #0x80 has been added to queue
player #0x32 has been added to queue
found 4 player in lobby starting count down
lobby countdown ...
lobby countdown ...
lobby countdown ...
lobby countdown ...
lobby countdown ...
lobby countdown ...
lobby countdown ...
lobby countdown ...
lobby countdown ...
lobby countdown ...
game is started
#0x05 has died put back into queue
#0x80 has died put back into queue
#0x32 has died put back into queue
#0x78 is the winner.
player #0x23 has been added to queue
player #0x05 has been added to queue
player #0x80 has been added to queue
found 4 player in lobby starting count down
lobby countdown ...
lobby countdown ...
lobby countdown ...
lobby countdown ...
lobby countdown ...
lobby countdown ...
lobby countdown ...
lobby countdown ...
lobby countdown ...
lobby countdown ...
game is started
#0x23 has died put back into queue
#0x05 has died put back into queue
#0x80 has died put back into queue
#0x78 is the winner.
player #0x32 has been added to queue
player #0x23 has been added to queue
player #0x05 has been added to queue
found 4 player in lobby starting count down
lobby countdown ...
lobby countdown ...
lobby countdown ...
lobby countdown ...
lobby countdown ...
lobby countdown ...
lobby countdown ...
lobby countdown ...
lobby countdown ...
lobby countdown ...
game is started
#0x32 has died put back into queue
#0x23 has died put back into queue
#0x05 has died put back into queue
#0x78 is the winner.
player #0x80 has been added to queue
player #0x32 has been added to queue
player #0x23 has been added to queue
found 4 player in lobby starting count down
lobby countdown ...
lobby countdown ...
lobby countdown ...
lobby countdown ...
lobby countdown ...
lobby countdown ...
starting softwar logs
init cycle
set client name #0x36
set client name #0x26
set client name #0x12
set client name #0x87
set client name #0x00
player #0x00 has been added to queue
player #0x87 has been added to queue
player #0x12 has been added to queue
player #0x26 has been added to queue
found 4 player in lobby starting count down
lobby countdown ...
lobby countdown ...
lobby countdown ...
lobby countdown ...
lobby countdown ...
lobby countdown ...
lobby countdown ...
lobby countdown ...
lobby countdown ...
lobby countdown ...
game is started
#0x00 has died put back into queue
#0x87 has died put back into queue
starting softwar logs
init cycle
set client name #0x13
set client name #0x76
set client name #0x34
set client name #0x35
set client name #0x52
player #0x52 has been added to queue
player #0x35 has been added to queue
player #0x34 has been added to queue
player #0x76 has been added to queue
found 4 player in lobby starting count down
lobby countdown ...
lobby countdown ...
lobby countdown ...
lobby countdown ...
lobby countdown ...
lobby countdown ...
lobby countdown ...
lobby countdown ...
lobby countdown ...
lobby countdown ...
game is started
#0x52 has died put back into queue
#0x35 has died put back into queue
#0x34 has died put back into queue
#0x76 is the winner.
player #0x13 has been added to queue
player #0x52 has been added to queue
player #0x35 has been added to queue
found 4 player in lobby starting count down
lobby countdown ...
lobby countdown ...
lobby countdown ...
lobby countdown ...
lobby countdown ...
lobby countdown ...
lobby countdown ...
lobby countdown ...
lobby countdown ...
lobby countdown ...
game is started
#0x13 has died put back into queue
#0x52 has died put back into queue
#0x35 has died put back into queue
#0x76 is the winner.
player #0x34 has been added to queue
player #0x13 has been added to queue
player #0x52 has been added to queue
starting softwar logs
init cycle
starting softwar logs
init cycle
starting softwar logs
init cycle
set client name set client name #0x30
#0x51
set client name #0x52
set client name #0x53
set client name #0x13
player #0x13 has been added to queue
player #0x53 has been added to queue
player #0x52 has been added to queue
player #0x51 has been added to queue
found 4 player in lobby starting count down
lobby countdown ...
lobby countdown ...
lobby countdown ...
lobby countdown ...
lobby countdown ...
lobby countdown ...
lobby countdown ...
lobby countdown ...
lobby countdown ...
lobby countdown ...
game is started
#0x13 has died put back into queue
#0x53 has died put back into queue
#0x52 has died put back into queue
#0x51 is the winner.
player #0x30 has been added to queue
player #0x13 has been added to queue
player #0x53 has been added to queue
found 4 player in lobby starting count down
lobby countdown ...
lobby countdown ...
lobby countdown ...
lobby countdown ...
lobby countdown ...
lobby countdown ...
lobby countdown ...
lobby countdown ...
lobby countdown ...
lobby countdown ...
game is started
#0x30 has died put back into queue
#0x13 has died put back into queue
#0x53 has died put back into queue
#0x51 is the winner.
player #0x52 has been added to queue
player #0x30 has been added to queue
player #0x13 has been added to queue
found 4 player in lobby starting count down
lobby countdown ...
lobby countdown ...
lobby countdown ...
lobby countdown ...
lobby countdown ...
lobby countdown ...
lobby countdown ...
lobby countdown ...
lobby countdown ...
starting softwar logs
init cycle
set client name #0x15
set client name #0x08
set client name #0x21
set client name #0x81
set client name #0x85
player #0x85 has been added to queue
player #0x81 has been added to queue
player #0x21 has been added to queue
player #0x08 has been added to queue
found 4 player in lobby starting count down
lobby countdown ...
lobby countdown ...
lobby countdown ...
lobby countdown ...
lobby countdown ...
lobby countdown ...
lobby countdown ...
lobby countdown ...
lobby countdown ...
lobby countdown ...
game is started
starting softwar logs
init cycle
starting softwar logs
init cycle
set client name #0x14
set client name #0x55
set client name #0x63
set client name #0x31
set client name #0x84
player #0x84 has been added to queue
player #0x31 has been added to queue
player #0x63 has been added to queue
player #0x55 has been added to queue
found 4 player in lobby starting count down
lobby countdown ...
lobby countdown ...
lobby countdown ...
lobby countdown ...
lobby countdown ...
lobby countdown ...
lobby countdown ...
lobby countdown ...
lobby countdown ...
lobby countdown ...
game is started
starting softwar logs
init cycle
set client name #0x06
set client name #0x87set client name 
#0x36
set client name #0x38
set client name #0x84
player #0x84 has been added to queue
player #0x38 has been added to queue
player #0x36 has been added to queue
player #0x87 has been added to queue
found 4 player in lobby starting count down
lobby countdown ...
lobby countdown ...
lobby countdown ...
lobby countdown ...
lobby countdown ...
lobby countdown ...
lobby countdown ...
lobby countdown ...
lobby countdown ...
lobby countdown ...
game is started
starting softwar logs
init cycle
set client name set client name #0x07
#0x22
set client name #0x58
set client name #0x12
player #0x12 has been added to queue
player #0x58 has been added to queue
player #0x22 has been added to queue
player #0x07 has been added to queue
found 4 player in lobby starting count down
lobby countdown ...
lobby countdown ...
lobby countdown ...
lobby countdown ...
lobby countdown ...
lobby countdown ...
lobby countdown ...
lobby countdown ...
lobby countdown ...
lobby countdown ...
game is started
starting softwar logs
init cycle
set client name #0x87
set client name #0x00
set client name set client name #0x65#0x24

player #0x24 has been added to queue
player #0x65 has been added to queue
player #0x00 has been added to queue
player #0x87 has been added to queue
found 4 player in lobby starting count down
lobby countdown ...
lobby countdown ...
lobby countdown ...
lobby countdown ...
lobby countdown ...
lobby countdown ...
lobby countdown ...
lobby countdown ...
lobby countdown ...
lobby countdown ...
game is started
starting softwar logs
init cycle
set client name set client name set client name #0x14#0x35
#0x88

set client name #0x85
player #0x85 has been added to queue
player #0x88 has been added to queue
player #0x35 has been added to queue
player #0x14 has been added to queue
found 4 player in lobby starting count down
lobby countdown ...
lobby countdown ...
lobby countdown ...
lobby countdown ...
lobby countdown ...
lobby countdown ...
lobby countdown ...
lobby countdown ...
lobby countdown ...
lobby countdown ...
game is started
starting softwar logs
init cycle
set client name #0x43
set client name #0x38
set client name #0x03
set client name #0x26
player #0x26 has been added to queue
player #0x03 has been added to queue
player #0x38 has been added to queue
player #0x43 has been added to queue
found 4 player in lobby starting count down
lobby countdown ...
lobby countdown ...
lobby countdown ...
lobby countdown ...
lobby countdown ...
lobby countdown ...
lobby countdown ...
lobby countdown ...
lobby countdown ...
lobby countdown ...
game is started
#0x26 has died put back into queue
starting softwar logs
init cycle
set client name #0x35
set client name #0x74
set client name #0x12
set client name #0x06
player #0x06 has been added to queue
player #0x12 has been added to queue
player #0x74 has been added to queue
player #0x35 has been added to queue
found 4 player in lobby starting count down
lobby countdown ...
lobby countdown ...
lobby countdown ...
lobby countdown ...
lobby countdown ...
lobby countdown ...
lobby countdown ...
lobby countdown ...
lobby countdown ...
lobby countdown ...
game is started
#0x06 has died put back into queue
starting softwar logs
init cycle
set client name set client name set client name #0x33#0x48
#0x05

set client name #0x85
player #0x85 has been added to queue
player #0x05 has been added to queue
player #0x48 has been added to queue
player #0x33 has been added to queue
found 4 player in lobby starting count down
lobby countdown ...
lobby countdown ...
lobby countdown ...
lobby countdown ...
lobby countdown ...
lobby countdown ...
lobby countdown ...
lobby countdown ...
lobby countdown ...
lobby countdown ...
game is started
#0x85 has died put back into queue
starting softwar logs
init cycle
set client name #0x60
set client name #0x41
set client name #0x76
set client name #0x86
player #0x86 has been added to queue
player #0x76 has been added to queue
player #0x41 has been added to queue
player #0x60 has been added to queue
found 4 player in lobby starting count down
lobby countdown ...
lobby countdown ...
lobby countdown ...
lobby countdown ...
lobby countdown ...
lobby countdown ...
lobby countdown ...
lobby countdown ...
lobby countdown ...
lobby countdown ...
game is started
#0x86 has died put back into queue
starting softwar logs
init cycle
set client name #0x68
set client name #0x74
set client name #0x35
set client name #0x24
player #0x24 has been added to queue
player #0x35 has been added to queue
player #0x74 has been added to queue
player #0x68 has been added to queue
found 4 player in lobby starting count down
lobby countdown ...
lobby countdown ...
lobby countdown ...
lobby countdown ...
lobby countdown ...
lobby countdown ...
lobby countdown ...
lobby countdown ...
lobby countdown ...
lobby countdown ...
game is started
#0x24 has died put back into queue
starting softwar logs
init cycle
set client name #0x56
set client name #0x73
set client name #0x55
set client name #0x08
player #0x08 has been added to queue
player #0x55 has been added to queue
player #0x73 has been added to queue
player #0x56 has been added to queue
found 4 player in lobby starting count down
lobby countdown ...
lobby countdown ...
lobby countdown ...
lobby countdown ...
lobby countdown ...
lobby countdown ...
lobby countdown ...
lobby countdown ...
lobby countdown ...
lobby countdown ...
game is started
#0x08 has died put back into queue
here?
here?
starting softwar logs
init cycle
set client name #0x24
set client name #0x06
set client name #0x33
set client name #0x01
player #0x01 has been added to queue
player #0x33 has been added to queue
player #0x06 has been added to queue
player #0x24 has been added to queue
found 4 player in lobby starting count down
lobby countdown ...
lobby countdown ...
lobby countdown ...
lobby countdown ...
lobby countdown ...
lobby countdown ...
lobby countdown ...
lobby countdown ...
lobby countdown ...
lobby countdown ...
game is started
#0x01 has died put back into queue
here?
here?
here?
#0x33 has died put back into queue
here?
here?
here?
#0x06 has died put back into queue
here?
here?
here?
#0x24 is the winner.
player #0x01 has been added to queue
player #0x33 has been added to queue
player #0x06 has been added to queue
found 4 player in lobby starting count down
lobby countdown ...
lobby countdown ...
lobby countdown ...
lobby countdown ...
starting softwar logs
init cycle
starting softwar logs
init cycle
starting softwar logs
init cycle
set client name #0x55
set client name #0x00
set client name #0x26
set client name #0x52
player #0x52 has been added to queue
player #0x26 has been added to queue
player #0x00 has been added to queue
player #0x55 has been added to queue
found 4 player in lobby starting count down
lobby countdown ...
lobby countdown ...
lobby countdown ...
lobby countdown ...
lobby countdown ...
lobby countdown ...
lobby countdown ...
lobby countdown ...
lobby countdown ...
lobby countdown ...
game is started
#0x52 has died put back into queue
#0x26 has died put back into queue
#0x00 has died put back into queue
#0x55 is the winner.
player #0x52 has been added to queue
player #0x26 has been added to queue
player #0x00 has been added to queue
found 4 player in lobby starting count down
lobby countdown ...
lobby countdown ...
lobby countdown ...
lobby countdown ...
lobby countdown ...
lobby countdown ...
lobby countdown ...
lobby countdown ...
lobby countdown ...
lobby countdown ...
game is started
#0x52 has died put back into queue
#0x26 has died put back into queue
#0x00 has died put back into queue
#0x55 is the winner.
player #0x52 has been added to queue
player #0x26 has been added to queue
player #0x00 has been added to queue
found 4 player in lobby starting count down
lobby countdown ...
lobby countdown ...
lobby countdown ...
lobby countdown ...
lobby countdown ...
lobby countdown ...
lobby countdown ...
lobby countdown ...
lobby countdown ...
lobby countdown ...
game is started
#0x52 has died put back into queue
#0x26 has died put back into queue
#0x00 has died put back into queue
#0x55 is the winner.
player #0x52 has been added to queue
player #0x26 has been added to queue
player #0x00 has been added to queue
found 4 player in lobby starting count down
lobby countdown ...
lobby countdown ...
lobby countdown ...
lobby countdown ...
lobby countdown ...
lobby countdown ...
lobby countdown ...
lobby countdown ...
lobby countdown ...
lobby countdown ...
game is started
#0x52 has died put back into queue
#0x26 has died put back into queue
#0x00 has died put back into queue
#0x55 is the winner.
player #0x52 has been added to queue
player #0x26 has been added to queue
player #0x00 has been added to queue
found 4 player in lobby starting count down
lobby countdown ...
lobby countdown ...
lobby countdown ...
lobby countdown ...
lobby countdown ...
lobby countdown ...
lobby countdown ...
lobby countdown ...
lobby countdown ...
lobby countdown ...
game is started
#0x52 has died put back into queue
#0x26 has died put back into queue
#0x00 has died put back into queue
#0x55 is the winner.
player #0x52 has been added to queue
player #0x26 has been added to queue
player #0x00 has been added to queue
found 4 player in lobby starting count down
lobby countdown ...
lobby countdown ...
lobby countdown ...
lobby countdown ...
lobby countdown ...
lobby countdown ...
lobby countdown ...
starting softwar logs
init cycle
set client name #0x74
set client name #0x65
set client name #0x72
set client name #0x25
player #0x25 has been added to queue
player #0x72 has been added to queue
player #0x65 has been added to queue
player #0x74 has been added to queue
found 4 player in lobby starting count down
lobby countdown ...
lobby countdown ...
lobby countdown ...
lobby countdown ...
lobby countdown ...
lobby countdown ...
lobby countdown ...
lobby countdown ...
lobby countdown ...
lobby countdown ...
game is started
#0x25 has died put back into queue
#0x72 has died put back into queue
#0x65 has died put back into queue
#0x74 is the winner.
player #0x25 has been added to queue
player #0x72 has been added to queue
player #0x65 has been added to queue
found 4 player in lobby starting count down
lobby countdown ...
lobby countdown ...
lobby countdown ...
lobby countdown ...
lobby countdown ...
lobby countdown ...
lobby countdown ...
lobby countdown ...
lobby countdown ...
lobby countdown ...
game is started
#0x25 has died put back into queue
#0x72 has died put back into queue
#0x65 has died put back into queue
#0x74 is the winner.
player #0x25 has been added to queue
player #0x72 has been added to queue
player #0x65 has been added to queue
found 4 player in lobby starting count down
lobby countdown ...
lobby countdown ...
lobby countdown ...
lobby countdown ...
lobby countdown ...
lobby countdown ...
lobby countdown ...
lobby countdown ...
lobby countdown ...
lobby countdown ...
game is started
#0x25 has died put back into queue
#0x72 has died put back into queue
#0x65 has died put back into queue
#0x74 is the winner.
player #0x25 has been added to queue
player #0x72 has been added to queue
player #0x65 has been added to queue
found 4 player in lobby starting count down
lobby countdown ...
lobby countdown ...
lobby countdown ...
lobby countdown ...
lobby countdown ...
lobby countdown ...
lobby countdown ...
lobby countdown ...
lobby countdown ...
lobby countdown ...
game is started
#0x25 has died put back into queue
#0x72 has died put back into queue
#0x65 has died put back into queue
#0x74 is the winner.
player #0x25 has been added to queue
player #0x72 has been added to queue
player #0x65 has been added to queue
found 4 player in lobby starting count down
lobby countdown ...
lobby countdown ...
lobby countdown ...
lobby countdown ...
lobby countdown ...
lobby countdown ...
lobby countdown ...
lobby countdown ...
lobby countdown ...
lobby countdown ...
game is started
#0x25 has died put back into queue
#0x72 has died put back into queue
#0x65 has died put back into queue
#0x74 is the winner.
player #0x25 has been added to queue
player #0x72 has been added to queue
player #0x65 has been added to queue
found 4 player in lobby starting count down
lobby countdown ...
lobby countdown ...
starting softwar logs
init cycle
set client name #0x32set client name 
#0x60
set client name #0x57
set client name #0x01
player #0x01 has been added to queue
player #0x57 has been added to queue
player #0x60 has been added to queue
player #0x32 has been added to queue
found 4 player in lobby starting count down
lobby countdown ...
lobby countdown ...
lobby countdown ...
lobby countdown ...
lobby countdown ...
lobby countdown ...
lobby countdown ...
lobby countdown ...
lobby countdown ...
lobby countdown ...
game is started
#0x01 has died put back into queue
#0x57 has died put back into queue
#0x60 has died put back into queue
#0x32 is the winner.
player #0x01 has been added to queue
player #0x57 has been added to queue
player #0x60 has been added to queue
found 4 player in lobby starting count down
lobby countdown ...
lobby countdown ...
lobby countdown ...
lobby countdown ...
lobby countdown ...
lobby countdown ...
lobby countdown ...
lobby countdown ...
lobby countdown ...
lobby countdown ...
game is started
#0x01 has died put back into queue
#0x57 has died put back into queue
#0x60 has died put back into queue
#0x32 is the winner.
player #0x01 has been added to queue
player #0x57 has been added to queue
player #0x60 has been added to queue
found 4 player in lobby starting count down
lobby countdown ...
lobby countdown ...
lobby countdown ...
lobby countdown ...
lobby countdown ...
lobby countdown ...
lobby countdown ...
lobby countdown ...
lobby countdown ...
lobby countdown ...
game is started
#0x01 has died put back into queue
#0x57 has died put back into queue
#0x60 has died put back into queue
#0x32 is the winner.
player #0x01 has been added to queue
player #0x57 has been added to queue
player #0x60 has been added to queue
found 4 player in lobby starting count down
lobby countdown ...
lobby countdown ...
lobby countdown ...
lobby countdown ...
lobby countdown ...
lobby countdown ...
lobby countdown ...
lobby countdown ...
lobby countdown ...
lobby countdown ...
game is started
#0x01 has died put back into queue
#0x57 has died put back into queue
#0x60 has died put back into queue
#0x32 is the winner.
player #0x01 has been added to queue
player #0x57 has been added to queue
player #0x60 has been added to queue
found 4 player in lobby starting count down
lobby countdown ...
lobby countdown ...
lobby countdown ...
lobby countdown ...
lobby countdown ...
lobby countdown ...
lobby countdown ...
lobby countdown ...
lobby countdown ...
lobby countdown ...
game is started
#0x01 has died put back into queue
#0x57 has died put back into queue
#0x60 has died put back into queue
#0x32 is the winner.
player #0x01 has been added to queue
player #0x57 has been added to queue
player #0x60 has been added to queue
found 4 player in lobby starting count down
lobby countdown ...
lobby countdown ...
lobby countdown ...
lobby countdown ...
lobby countdown ...
lobby countdown ...
lobby countdown ...
lobby countdown ...
lobby countdown ...
lobby countdown ...
game is started
#0x01 has died put back into queue
#0x57 has died put back into queue
#0x60 has died put back into queue
#0x32 is the winner.
player #0x01 has been added to queue
player #0x57 has been added to queue
player #0x60 has been added to queue
found 4 player in lobby starting count down
lobby countdown ...
lobby countdown ...
lobby countdown ...
lobby countdown ...
lobby countdown ...
lobby countdown ...
lobby countdown ...
lobby countdown ...
lobby countdown ...
lobby countdown ...
game is started
#0x01 has died put back into queue
#0x57 has died put back into queue
#0x60 has died put back into queue
#0x32 is the winner.
player #0x01 has been added to queue
player #0x57 has been added to queue
player #0x60 has been added to queue
found 4 player in lobby starting count down
lobby countdown ...
lobby countdown ...
starting softwar logs
init cycle
set client name set client name #0x64
#0x81
set client name #0x68
set client name #0x72
player #0x72 has been added to queue
player #0x68 has been added to queue
player #0x81 has been added to queue
player #0x64 has been added to queue
found 4 player in lobby starting count down
lobby countdown ...
lobby countdown ...
lobby countdown ...
lobby countdown ...
lobby countdown ...
lobby countdown ...
lobby countdown ...
lobby countdown ...
lobby countdown ...
lobby countdown ...
game is started
#0x72 has died put back into queue
#0x68 has died put back into queue
#0x81 has died put back into queue
#0x64 is the winner.
player #0x72 has been added to queue
player #0x68 has been added to queue
player #0x81 has been added to queue
found 4 player in lobby starting count down
lobby countdown ...
lobby countdown ...
lobby countdown ...
lobby countdown ...
lobby countdown ...
lobby countdown ...
lobby countdown ...
lobby countdown ...
lobby countdown ...
lobby countdown ...
game is started
#0x72 has died put back into queue
#0x68 has died put back into queue
#0x81 has died put back into queue
#0x64 is the winner.
player #0x72 has been added to queue
player #0x68 has been added to queue
player #0x81 has been added to queue
found 4 player in lobby starting count down
lobby countdown ...
lobby countdown ...
lobby countdown ...
lobby countdown ...
lobby countdown ...
lobby countdown ...
lobby countdown ...
lobby countdown ...
lobby countdown ...
lobby countdown ...
game is started
#0x72 has died put back into queue
#0x68 has died put back into queue
#0x81 has died put back into queue
#0x64 is the winner.
player #0x72 has been added to queue
player #0x68 has been added to queue
player #0x81 has been added to queue
found 4 player in lobby starting count down
lobby countdown ...
lobby countdown ...
lobby countdown ...
lobby countdown ...
lobby countdown ...
lobby countdown ...
lobby countdown ...
lobby countdown ...
lobby countdown ...
lobby countdown ...
game is started
#0x72 has died put back into queue
#0x68 has died put back into queue
#0x81 has died put back into queue
#0x64 is the winner.
player #0x72 has been added to queue
player #0x68 has been added to queue
player #0x81 has been added to queue
found 4 player in lobby starting count down
lobby countdown ...
lobby countdown ...
lobby countdown ...
lobby countdown ...
lobby countdown ...
lobby countdown ...
lobby countdown ...
lobby countdown ...
lobby countdown ...
lobby countdown ...
game is started
#0x72 has died put back into queue
#0x68 has died put back into queue
#0x81 has died put back into queue
#0x64 is the winner.
player #0x72 has been added to queue
player #0x68 has been added to queue
player #0x81 has been added to queue
found 4 player in lobby starting count down
lobby countdown ...
lobby countdown ...
lobby countdown ...
lobby countdown ...
lobby countdown ...
lobby countdown ...
lobby countdown ...
lobby countdown ...
lobby countdown ...
lobby countdown ...
game is started
#0x72 has died put back into queue
#0x68 has died put back into queue
#0x81 has died put back into queue
#0x64 is the winner.
player #0x72 has been added to queue
player #0x68 has been added to queue
player #0x81 has been added to queue
found 4 player in lobby starting count down
lobby countdown ...
lobby countdown ...
lobby countdown ...
lobby countdown ...
lobby countdown ...
lobby countdown ...
lobby countdown ...
lobby countdown ...
lobby countdown ...
lobby countdown ...
game is started
#0x72 has died put back into queue
#0x68 has died put back into queue
#0x81 has died put back into queue
#0x64 is the winner.
player #0x72 has been added to queue
player #0x68 has been added to queue
player #0x81 has been added to queue
found 4 player in lobby starting count down
lobby countdown ...
lobby countdown ...
lobby countdown ...
lobby countdown ...
lobby countdown ...
lobby countdown ...
lobby countdown ...
lobby countdown ...
lobby countdown ...
lobby countdown ...
game is started
#0x72 has died put back into queue
starting softwar logs
init cycle
set client name #0x63
set client name #0x88
set client name #0x64
set client name #0x06
player #0x06 has been added to queue
player #0x64 has been added to queue
player #0x88 has been added to queue
player #0x63 has been added to queue
found 4 player in lobby starting count down
lobby countdown ...
lobby countdown ...
lobby countdown ...
lobby countdown ...
lobby countdown ...
lobby countdown ...
lobby countdown ...
lobby countdown ...
lobby countdown ...
lobby countdown ...
game is started
#0x06 has died put back into queue
#0x64 has died put back into queue
#0x88 has died put back into queue
#0x63 is the winner.
player #0x06 has been added to queue
player #0x64 has been added to queue
player #0x88 has been added to queue
found 4 player in lobby starting count down
lobby countdown ...
lobby countdown ...
lobby countdown ...
lobby countdown ...
lobby countdown ...
lobby countdown ...
lobby countdown ...
lobby countdown ...
lobby countdown ...
lobby countdown ...
game is started
#0x06 has died put back into queue
#0x64 has died put back into queue
#0x88 has died put back into queue
#0x63 is the winner.
player #0x06 has been added to queue
player #0x64 has been added to queue
player #0x88 has been added to queue
found 4 player in lobby starting count down
lobby countdown ...
lobby countdown ...
lobby countdown ...
lobby countdown ...
lobby countdown ...
lobby countdown ...
lobby countdown ...
lobby countdown ...
lobby countdown ...
lobby countdown ...
game is started
#0x06 has died put back into queue
#0x64 has died put back into queue
#0x88 has died put back into queue
#0x63 is the winner.
player #0x06 has been added to queue
player #0x64 has been added to queue
player #0x88 has been added to queue
found 4 player in lobby starting count down
lobby countdown ...
lobby countdown ...
lobby countdown ...
lobby countdown ...
lobby countdown ...
lobby countdown ...
lobby countdown ...
lobby countdown ...
lobby countdown ...
lobby countdown ...
game is started
#0x06 has died put back into queue
#0x64 has died put back into queue
#0x88 has died put back into queue
#0x63 is the winner.
player #0x06 has been added to queue
player #0x64 has been added to queue
player #0x88 has been added to queue
found 4 player in lobby starting count down
lobby countdown ...
lobby countdown ...
lobby countdown ...
lobby countdown ...
lobby countdown ...
starting softwar logs
init cycle
set client name #0x21
set client name #0x56
set client name #0x33
set client name #0x68
player #0x68 has been added to queue
player #0x33 has been added to queue
player #0x56 has been added to queue
player #0x21 has been added to queue
found 4 player in lobby starting count down
lobby countdown ...
lobby countdown ...
lobby countdown ...
lobby countdown ...
lobby countdown ...
lobby countdown ...
lobby countdown ...
lobby countdown ...
lobby countdown ...
lobby countdown ...
game is started
#0x68 has died put back into queue
#0x33 has died put back into queue
#0x56 has died put back into queue
#0x21 is the winner.
player #0x68 has been added to queue
player #0x33 has been added to queue
player #0x56 has been added to queue
found 4 player in lobby starting count down
lobby countdown ...
lobby countdown ...
lobby countdown ...
lobby countdown ...
lobby countdown ...
lobby countdown ...
lobby countdown ...
lobby countdown ...
lobby countdown ...
lobby countdown ...
game is started
#0x68 has died put back into queue
#0x33 has died put back into queue
#0x56 has died put back into queue
#0x21 is the winner.
player #0x68 has been added to queue
player #0x33 has been added to queue
player #0x56 has been added to queue
found 4 player in lobby starting count down
lobby countdown ...
starting softwar logs
init cycle
starting softwar logs
init cycle
set client name #0x01
set client name #0x67
set client name #0x12
set client name #0x31
player #0x31 has been added to queue
player #0x12 has been added to queue
player #0x67 has been added to queue
player #0x01 has been added to queue
found 4 player in lobby starting count down
lobby countdown ...
lobby countdown ...
lobby countdown ...
lobby countdown ...
lobby countdown ...
lobby countdown ...
lobby countdown ...
lobby countdown ...
lobby countdown ...
lobby countdown ...
game is started
#0x31 has died put back into queue
#0x12 has died put back into queue
#0x67 has died put back into queue
#0x01 is the winner.
player #0x31 has been added to queue
player #0x12 has been added to queue
player #0x67 has been added to queue
found 4 player in lobby starting count down
lobby countdown ...
lobby countdown ...
lobby countdown ...
lobby countdown ...
lobby countdown ...
lobby countdown ...
lobby countdown ...
lobby countdown ...
lobby countdown ...
lobby countdown ...
game is started
#0x31 has died put back into queue
#0x12 has died put back into queue
Client #0x67 disconnected
#0x67 has been removed from lobby
#0x67 has died put back into queue
draw everyone died at the same time.
player #0x31 has been added to queue
player #0x12 has been added to queue
player #0x67 has been added to queue
starting softwar logs
init cycle
set client name #0x06
set client name #0x28
set client name #0x14
player #0x14 has been added to queue
player #0x28 has been added to queue
player #0x06 has been added to queue
Client #0x14 disconnected
#0x14 has been removed from active game
